  Source.cpp
E:\VS\1111\P\горепроект\горепроект\Source.cpp(8,10): error C3873: "0xab": этот символ недопустим как первый символ идентификатора
E:\VS\1111\P\горепроект\горепроект\Source.cpp(8,10): error C2065: «Vvedite: необъявленный идентификатор
E:\VS\1111\P\горепроект\горепроект\Source.cpp(8,20): error C2146: синтаксическая ошибка: отсутствие ";" перед идентификатором "chyslo"
E:\VS\1111\P\горепроект\горепроект\Source.cpp(8,20): error C2065: chyslo: необъявленный идентификатор
E:\VS\1111\P\горепроект\горепроект\Source.cpp(8,27): error C2146: синтаксическая ошибка: отсутствие ";" перед идентификатором "a"
E:\VS\1111\P\горепроект\горепроект\Source.cpp(8,29): error C2146: синтаксическая ошибка: отсутствие ";" перед идентификатором "i"
E:\VS\1111\P\горепроект\горепроект\Source.cpp(8,38): error C3872: 0xbb: этот символ невозможно использовать в идентификаторе
E:\VS\1111\P\горепроект\горепроект\Source.cpp(8,29): error C2065: i: необъявленный идентификатор
E:\VS\1111\P\горепроект\горепроект\Source.cpp(8,31): error C2146: синтаксическая ошибка: отсутствие ";" перед идентификатором "chyslo"
E:\VS\1111\P\горепроект\горепроект\Source.cpp(8,31): error C2065: chyslo: необъявленный идентификатор
E:\VS\1111\P\горепроект\горепроект\Source.cpp(8,38): error C2146: синтаксическая ошибка: отсутствие ";" перед идентификатором "b»"
E:\VS\1111\P\горепроект\горепроект\Source.cpp(8,38): error C2065: b»: необъявленный идентификатор
E:\VS\1111\P\горепроект\горепроект\Source.cpp(8,49): error C2563: несоответствие в списке формальных параметров
E:\VS\1111\P\горепроект\горепроект\Source.cpp(8,49): error C2568: <<: не удается разрешить перегрузку функции
E:\VS\1111\P\горепроект\горепроект\Source.cpp(8,49): message : может быть "std::basic_ostream<_Elem,_Traits> &std::endl(std::basic_ostream<_Elem,_Traits> &)"
E:\VS\1111\P\горепроект\горепроект\Source.cpp(11,10): error C3873: "0xab": этот символ недопустим как первый символ идентификатора
E:\VS\1111\P\горепроект\горепроект\Source.cpp(11,10): error C2065: «Chco: необъявленный идентификатор
E:\VS\1111\P\горепроект\горепроект\Source.cpp(11,17): error C2146: синтаксическая ошибка: отсутствие ";" перед идентификатором "zrobyty"
E:\VS\1111\P\горепроект\горепроект\Source.cpp(11,17): error C2065: zrobyty: необъявленный идентификатор
E:\VS\1111\P\горепроект\горепроект\Source.cpp(11,27): error C2017: недопустимая escape-последовательность
E:\VS\1111\P\горепроект\горепроект\Source.cpp(11,28): error C2065: n: необъявленный идентификатор
E:\VS\1111\P\горепроект\горепроект\Source.cpp(11,30): error C2059: синтаксическая ошибка: константа
E:\VS\1111\P\горепроект\горепроект\Source.cpp(11,31): error C2059: синтаксическая ошибка: )
E:\VS\1111\P\горепроект\горепроект\Source.cpp(11,35): error C2017: недопустимая escape-последовательность
E:\VS\1111\P\горепроект\горепроект\Source.cpp(11,39): error C2059: синтаксическая ошибка: )
E:\VS\1111\P\горепроект\горепроект\Source.cpp(11,43): error C2017: недопустимая escape-последовательность
E:\VS\1111\P\горепроект\горепроект\Source.cpp(11,47): error C2059: синтаксическая ошибка: )
E:\VS\1111\P\горепроект\горепроект\Source.cpp(11,50): error C2017: недопустимая escape-последовательность
E:\VS\1111\P\горепроект\горепроект\Source.cpp(11,54): error C2059: синтаксическая ошибка: )
E:\VS\1111\P\горепроект\горепроект\Source.cpp(11,58): error C2017: недопустимая escape-последовательность
E:\VS\1111\P\горепроект\горепроект\Source.cpp(11,59): error C3872: 0xbb: этот символ невозможно использовать в идентификаторе
E:\VS\1111\P\горепроект\горепроект\Source.cpp(19,9): error C3873: "0x2014": этот символ недопустим как первый символ идентификатора
E:\VS\1111\P\горепроект\горепроект\Source.cpp(19,9): error C2146: синтаксическая ошибка: отсутствие ";" перед идентификатором "—"
E:\VS\1111\P\горепроект\горепроект\Source.cpp(19,9): error C2065: —: необъявленный идентификатор
E:\VS\1111\P\горепроект\горепроект\Source.cpp(19,13): error C2146: синтаксическая ошибка: отсутствие ";" перед идентификатором "b"
E:\VS\1111\P\горепроект\горепроект\Source.cpp(28,10): error C3873: "0xab": этот символ недопустим как первый символ идентификатора
E:\VS\1111\P\горепроект\горепроект\Source.cpp(28,10): error C2065: «Rezultatom: необъявленный идентификатор
E:\VS\1111\P\горепроект\горепроект\Source.cpp(28,22): error C2143: синтаксическая ошибка: отсутствие ";" перед ":"
E:\VS\1111\P\горепроект\горепроект\Source.cpp(28,22): error C2059: синтаксическая ошибка: :
E:\VS\1111\P\горепроект\горепроект\Source.cpp(28,24): error C3873: "0xbb": этот символ недопустим как первый символ идентификатора
